2018-06-14 22:04:42.527 [localhost-startStop-1] INFO  com.alibaba.druid.pool.DruidDataSource - {dataSource-1} inited
2018-06-14 22:05:48.205 [http-bio-8080-exec-1] INFO  org.hibernate.validator.internal.util.Version - HV000001: Hibernate Validator 5.3.5.Final
2018-06-14 22:06:04.264 [http-bio-8080-exec-8] INFO  com.mmall.common.HttpInterceptor - request start. url:/login.page, params:{"ret":[""],"username":["admin@qq.com"],"password":["123"]}
2018-06-14 22:06:04.769 [http-bio-8080-exec-8] ERROR com.mmall.common.SpringExceptionResolver - unknown page exception, url:http://localhost:8080/login.page
java.lang.IllegalStateException: Cannot forward after response has been committed
	at org.apache.catalina.core.ApplicationDispatcher.doForward(ApplicationDispatcher.java:349)
	at org.apache.catalina.core.ApplicationDispatcher.forward(ApplicationDispatcher.java:339)
	at com.mmall.controller.UserController.login(UserController.java:67)
	at sun.reflect.NativeMethodAccessorImpl.invoke0(Native Method)
	at sun.reflect.NativeMethodAccessorImpl.invoke(NativeMethodAccessorImpl.java:62)
	at sun.reflect.DelegatingMethodAccessorImpl.invoke(DelegatingMethodAccessorImpl.java:43)
	at java.lang.reflect.Method.invoke(Method.java:498)
	at org.springframework.web.method.support.InvocableHandlerMethod.doInvoke(InvocableHandlerMethod.java:205)
	at org.springframework.web.method.support.InvocableHandlerMethod.invokeForRequest(InvocableHandlerMethod.java:133)
	at org.springframework.web.servlet.mvc.method.annotation.ServletInvocableHandlerMethod.invokeAndHandle(ServletInvocableHandlerMethod.java:97)
	at org.springframework.web.servlet.mvc.method.annotation.RequestMappingHandlerAdapter.invokeHandlerMethod(RequestMappingHandlerAdapter.java:827)
	at org.springframework.web.servlet.mvc.method.annotation.RequestMappingHandlerAdapter.handleInternal(RequestMappingHandlerAdapter.java:738)
	at org.springframework.web.servlet.mvc.method.AbstractHandlerMethodAdapter.handle(AbstractHandlerMethodAdapter.java:85)
	at org.springframework.web.servlet.DispatcherServlet.doDispatch(DispatcherServlet.java:967)
	at org.springframework.web.servlet.DispatcherServlet.doService(DispatcherServlet.java:901)
	at org.springframework.web.servlet.FrameworkServlet.processRequest(FrameworkServlet.java:970)
	at org.springframework.web.servlet.FrameworkServlet.doPost(FrameworkServlet.java:872)
	at javax.servlet.http.HttpServlet.service(HttpServlet.java:647)
	at org.springframework.web.servlet.FrameworkServlet.service(FrameworkServlet.java:846)
	at javax.servlet.http.HttpServlet.service(HttpServlet.java:728)
	at org.apache.catalina.core.ApplicationFilterChain.internalDoFilter(ApplicationFilterChain.java:305)
	at org.apache.catalina.core.ApplicationFilterChain.doFilter(ApplicationFilterChain.java:210)
	at org.apache.tomcat.websocket.server.WsFilter.doFilter(WsFilter.java:51)
	at org.apache.catalina.core.ApplicationFilterChain.internalDoFilter(ApplicationFilterChain.java:243)
	at org.apache.catalina.core.ApplicationFilterChain.doFilter(ApplicationFilterChain.java:210)
	at com.alibaba.druid.support.http.WebStatFilter.doFilter(WebStatFilter.java:123)
	at org.apache.catalina.core.ApplicationFilterChain.internalDoFilter(ApplicationFilterChain.java:243)
	at org.apache.catalina.core.ApplicationFilterChain.doFilter(ApplicationFilterChain.java:210)
	at org.springframework.web.filter.CharacterEncodingFilter.doFilterInternal(CharacterEncodingFilter.java:197)
	at org.springframework.web.filter.OncePerRequestFilter.doFilter(OncePerRequestFilter.java:107)
	at org.apache.catalina.core.ApplicationFilterChain.internalDoFilter(ApplicationFilterChain.java:243)
	at org.apache.catalina.core.ApplicationFilterChain.doFilter(ApplicationFilterChain.java:210)
	at org.apache.catalina.core.StandardWrapperValve.invoke(StandardWrapperValve.java:222)
	at org.apache.catalina.core.StandardContextValve.invoke(StandardContextValve.java:123)
	at org.apache.catalina.authenticator.AuthenticatorBase.invoke(AuthenticatorBase.java:502)
	at org.apache.catalina.core.StandardHostValve.invoke(StandardHostValve.java:171)
	at org.apache.catalina.valves.ErrorReportValve.invoke(ErrorReportValve.java:100)
	at org.apache.catalina.valves.AccessLogValve.invoke(AccessLogValve.java:953)
	at org.apache.catalina.core.StandardEngineValve.invoke(StandardEngineValve.java:118)
	at org.apache.catalina.connector.CoyoteAdapter.service(CoyoteAdapter.java:408)
	at org.apache.coyote.http11.AbstractHttp11Processor.process(AbstractHttp11Processor.java:1041)
	at org.apache.coyote.AbstractProtocol$AbstractConnectionHandler.process(AbstractProtocol.java:603)
	at org.apache.tomcat.util.net.JIoEndpoint$SocketProcessor.run(JIoEndpoint.java:312)
	at java.util.concurrent.ThreadPoolExecutor.runWorker(ThreadPoolExecutor.java:1142)
	at java.util.concurrent.ThreadPoolExecutor$Worker.run(ThreadPoolExecutor.java:617)
	at java.lang.Thread.run(Thread.java:745)
2018-06-14 22:06:04.859 [http-bio-8080-exec-8] INFO  com.mmall.common.HttpInterceptor - request completed. url:/login.page, cost:594
2018-06-14 22:06:04.873 [http-bio-8080-exec-9] INFO  com.mmall.common.HttpInterceptor - request start. url:/admin/index.page, params:{}
2018-06-14 22:06:04.918 [http-bio-8080-exec-9] INFO  com.mmall.common.HttpInterceptor - request completed. url:/admin/index.page, cost:45
2018-06-14 22:06:05.362 [http-bio-8080-exec-10] INFO  com.mmall.common.HttpInterceptor - request start. url:/sys/dept/dept.page, params:{}
2018-06-14 22:06:05.436 [http-bio-8080-exec-10] INFO  com.mmall.common.HttpInterceptor - request completed. url:/sys/dept/dept.page, cost:73
2018-06-14 22:06:05.969 [http-bio-8080-exec-10] INFO  com.mmall.common.HttpInterceptor - request start. url:/sys/dept/tree.json, params:{}
2018-06-14 22:06:06.204 [http-bio-8080-exec-10] INFO  com.mmall.common.HttpInterceptor - request completed. url:/sys/dept/tree.json, cost:233
2018-06-14 22:06:09.398 [http-bio-8080-exec-7] INFO  com.mmall.common.HttpInterceptor - request start. url:/sys/dept/dept.page, params:{}
2018-06-14 22:06:09.403 [http-bio-8080-exec-7] INFO  com.mmall.common.HttpInterceptor - request completed. url:/sys/dept/dept.page, cost:4
2018-06-14 22:06:09.631 [http-bio-8080-exec-7] INFO  com.mmall.common.HttpInterceptor - request start. url:/sys/dept/tree.json, params:{}
2018-06-14 22:06:09.643 [http-bio-8080-exec-7] INFO  com.mmall.common.HttpInterceptor - request completed. url:/sys/dept/tree.json, cost:11
2018-06-14 22:06:11.973 [http-bio-8080-exec-7] INFO  com.mmall.common.HttpInterceptor - request start. url:/sys/user/page.json, params:{"deptId":["14"],"pageSize":["10"],"pageNo":["1"]}
2018-06-14 22:06:12.321 [http-bio-8080-exec-7] INFO  com.mmall.common.HttpInterceptor - request completed. url:/sys/user/page.json, cost:347
2018-06-14 22:06:36.355 [http-bio-8080-exec-7] INFO  com.mmall.common.HttpInterceptor - request start. url:/sys/user/update.json, params:{"deptId":["14"],"id":["1"],"username":["Jacks"],"mail":["admin@qq.com"],"telephone":["12345678"],"status":["1"],"remark":["Rose的男人"]}
2018-06-14 22:06:36.735 [http-bio-8080-exec-7] INFO  com.mmall.common.HttpInterceptor - request completed. url:/sys/user/update.json, cost:379
2018-06-14 22:06:36.743 [http-bio-8080-exec-7] INFO  com.mmall.common.HttpInterceptor - request start. url:/sys/dept/tree.json, params:{}
2018-06-14 22:06:36.751 [http-bio-8080-exec-7] INFO  com.mmall.common.HttpInterceptor - request completed. url:/sys/dept/tree.json, cost:8
2018-06-14 22:06:36.768 [http-bio-8080-exec-6] INFO  com.mmall.common.HttpInterceptor - request start. url:/sys/user/page.json, params:{"deptId":["14"],"pageSize":["10"],"pageNo":["1"]}
2018-06-14 22:06:36.786 [http-bio-8080-exec-6] INFO  com.mmall.common.HttpInterceptor - request completed. url:/sys/user/page.json, cost:18
2018-06-14 22:32:10.765 [localhost-startStop-1] INFO  com.alibaba.druid.pool.DruidDataSource - {dataSource-1} inited
2018-06-14 22:32:33.406 [http-bio-8080-exec-4] INFO  org.hibernate.validator.internal.util.Version - HV000001: Hibernate Validator 5.3.5.Final
2018-06-14 22:32:42.511 [http-bio-8080-exec-8] INFO  com.mmall.common.HttpInterceptor - request start. url:/login.page, params:{"ret":[""],"username":["admin@qq.com"],"password":["123"]}
2018-06-14 22:32:42.993 [http-bio-8080-exec-8] ERROR com.mmall.common.SpringExceptionResolver - unknown page exception, url:http://localhost:8080/login.page
java.lang.IllegalStateException: Cannot forward after response has been committed
	at org.apache.catalina.core.ApplicationDispatcher.doForward(ApplicationDispatcher.java:349)
	at org.apache.catalina.core.ApplicationDispatcher.forward(ApplicationDispatcher.java:339)
	at com.mmall.controller.UserController.login(UserController.java:67)
	at sun.reflect.NativeMethodAccessorImpl.invoke0(Native Method)
	at sun.reflect.NativeMethodAccessorImpl.invoke(NativeMethodAccessorImpl.java:62)
	at sun.reflect.DelegatingMethodAccessorImpl.invoke(DelegatingMethodAccessorImpl.java:43)
	at java.lang.reflect.Method.invoke(Method.java:498)
	at org.springframework.web.method.support.InvocableHandlerMethod.doInvoke(InvocableHandlerMethod.java:205)
	at org.springframework.web.method.support.InvocableHandlerMethod.invokeForRequest(InvocableHandlerMethod.java:133)
	at org.springframework.web.servlet.mvc.method.annotation.ServletInvocableHandlerMethod.invokeAndHandle(ServletInvocableHandlerMethod.java:97)
	at org.springframework.web.servlet.mvc.method.annotation.RequestMappingHandlerAdapter.invokeHandlerMethod(RequestMappingHandlerAdapter.java:827)
	at org.springframework.web.servlet.mvc.method.annotation.RequestMappingHandlerAdapter.handleInternal(RequestMappingHandlerAdapter.java:738)
	at org.springframework.web.servlet.mvc.method.AbstractHandlerMethodAdapter.handle(AbstractHandlerMethodAdapter.java:85)
	at org.springframework.web.servlet.DispatcherServlet.doDispatch(DispatcherServlet.java:967)
	at org.springframework.web.servlet.DispatcherServlet.doService(DispatcherServlet.java:901)
	at org.springframework.web.servlet.FrameworkServlet.processRequest(FrameworkServlet.java:970)
	at org.springframework.web.servlet.FrameworkServlet.doPost(FrameworkServlet.java:872)
	at javax.servlet.http.HttpServlet.service(HttpServlet.java:647)
	at org.springframework.web.servlet.FrameworkServlet.service(FrameworkServlet.java:846)
	at javax.servlet.http.HttpServlet.service(HttpServlet.java:728)
	at org.apache.catalina.core.ApplicationFilterChain.internalDoFilter(ApplicationFilterChain.java:305)
	at org.apache.catalina.core.ApplicationFilterChain.doFilter(ApplicationFilterChain.java:210)
	at org.apache.tomcat.websocket.server.WsFilter.doFilter(WsFilter.java:51)
	at org.apache.catalina.core.ApplicationFilterChain.internalDoFilter(ApplicationFilterChain.java:243)
	at org.apache.catalina.core.ApplicationFilterChain.doFilter(ApplicationFilterChain.java:210)
	at com.alibaba.druid.support.http.WebStatFilter.doFilter(WebStatFilter.java:123)
	at org.apache.catalina.core.ApplicationFilterChain.internalDoFilter(ApplicationFilterChain.java:243)
	at org.apache.catalina.core.ApplicationFilterChain.doFilter(ApplicationFilterChain.java:210)
	at org.springframework.web.filter.CharacterEncodingFilter.doFilterInternal(CharacterEncodingFilter.java:197)
	at org.springframework.web.filter.OncePerRequestFilter.doFilter(OncePerRequestFilter.java:107)
	at org.apache.catalina.core.ApplicationFilterChain.internalDoFilter(ApplicationFilterChain.java:243)
	at org.apache.catalina.core.ApplicationFilterChain.doFilter(ApplicationFilterChain.java:210)
	at org.apache.catalina.core.StandardWrapperValve.invoke(StandardWrapperValve.java:222)
	at org.apache.catalina.core.StandardContextValve.invoke(StandardContextValve.java:123)
	at org.apache.catalina.authenticator.AuthenticatorBase.invoke(AuthenticatorBase.java:502)
	at org.apache.catalina.core.StandardHostValve.invoke(StandardHostValve.java:171)
	at org.apache.catalina.valves.ErrorReportValve.invoke(ErrorReportValve.java:100)
	at org.apache.catalina.valves.AccessLogValve.invoke(AccessLogValve.java:953)
	at org.apache.catalina.core.StandardEngineValve.invoke(StandardEngineValve.java:118)
	at org.apache.catalina.connector.CoyoteAdapter.service(CoyoteAdapter.java:408)
	at org.apache.coyote.http11.AbstractHttp11Processor.process(AbstractHttp11Processor.java:1041)
	at org.apache.coyote.AbstractProtocol$AbstractConnectionHandler.process(AbstractProtocol.java:603)
	at org.apache.tomcat.util.net.JIoEndpoint$SocketProcessor.run(JIoEndpoint.java:312)
	at java.util.concurrent.ThreadPoolExecutor.runWorker(ThreadPoolExecutor.java:1142)
	at java.util.concurrent.ThreadPoolExecutor$Worker.run(ThreadPoolExecutor.java:617)
	at java.lang.Thread.run(Thread.java:745)
2018-06-14 22:32:43.024 [http-bio-8080-exec-8] INFO  com.mmall.common.HttpInterceptor - request completed. url:/login.page, cost:512
2018-06-14 22:32:43.044 [http-bio-8080-exec-9] INFO  com.mmall.common.HttpInterceptor - request start. url:/admin/index.page, params:{}
2018-06-14 22:32:43.059 [http-bio-8080-exec-9] INFO  com.mmall.common.HttpInterceptor - request completed. url:/admin/index.page, cost:14
2018-06-14 22:32:43.343 [http-bio-8080-exec-10] INFO  com.mmall.common.HttpInterceptor - request start. url:/sys/dept/dept.page, params:{}
2018-06-14 22:32:43.365 [http-bio-8080-exec-10] INFO  com.mmall.common.HttpInterceptor - request completed. url:/sys/dept/dept.page, cost:21
2018-06-14 22:32:43.726 [http-bio-8080-exec-10] INFO  com.mmall.common.HttpInterceptor - request start. url:/sys/dept/tree.json, params:{}
2018-06-14 22:32:43.930 [http-bio-8080-exec-10] INFO  com.mmall.common.HttpInterceptor - request completed. url:/sys/dept/tree.json, cost:204
2018-06-14 22:32:46.860 [http-bio-8080-exec-7] INFO  com.mmall.common.HttpInterceptor - request start. url:/sys/log/log.page, params:{}
2018-06-14 22:32:48.205 [http-bio-8080-exec-7] INFO  com.mmall.common.HttpInterceptor - request completed. url:/sys/log/log.page, cost:1345
2018-06-14 22:32:48.634 [http-bio-8080-exec-7] INFO  com.mmall.common.HttpInterceptor - request start. url:/sys/log/page.json, params:{"pageNo":["1"],"pageSize":["10"],"beforeSeg":[""],"afterSeg":[""],"operator":[""],"fromTime":[""],"toTime":[""],"type":[""]}
2018-06-14 22:32:48.972 [http-bio-8080-exec-7] INFO  com.mmall.common.HttpInterceptor - request completed. url:/sys/log/page.json, cost:338
2018-06-14 22:34:31.637 [http-bio-8080-exec-3] INFO  com.mmall.common.HttpInterceptor - request start. url:/sys/dept/dept.page, params:{}
2018-06-14 22:34:31.644 [http-bio-8080-exec-3] INFO  com.mmall.common.HttpInterceptor - request completed. url:/sys/dept/dept.page, cost:6
2018-06-14 22:34:31.921 [http-bio-8080-exec-3] INFO  com.mmall.common.HttpInterceptor - request start. url:/sys/dept/tree.json, params:{}
2018-06-14 22:34:31.934 [http-bio-8080-exec-3] INFO  com.mmall.common.HttpInterceptor - request completed. url:/sys/dept/tree.json, cost:13
2018-06-14 22:34:34.639 [http-bio-8080-exec-3] INFO  com.mmall.common.HttpInterceptor - request start. url:/sys/user/page.json, params:{"deptId":["14"],"pageSize":["10"],"pageNo":["1"]}
2018-06-14 22:34:34.670 [http-bio-8080-exec-3] INFO  com.mmall.common.HttpInterceptor - request completed. url:/sys/user/page.json, cost:30
2018-06-14 22:34:37.039 [http-bio-8080-exec-3] INFO  com.mmall.common.HttpInterceptor - request start. url:/sys/user/page.json, params:{"deptId":["11"],"pageSize":["10"],"pageNo":["1"]}
2018-06-14 22:34:37.048 [http-bio-8080-exec-3] INFO  com.mmall.common.HttpInterceptor - request completed. url:/sys/user/page.json, cost:9
2018-06-14 22:34:56.029 [http-bio-8080-exec-3] INFO  com.mmall.common.HttpInterceptor - request start. url:/sys/dept/update.json, params:{"parentId":["10"],"id":["11"],"name":["前端开发"],"seq":["1"],"remark":["前端开发目前没有人"]}
2018-06-14 22:34:56.284 [http-bio-8080-exec-3] INFO  com.mmall.common.HttpInterceptor - request completed. url:/sys/dept/update.json, cost:255
2018-06-14 22:34:56.291 [http-bio-8080-exec-3] INFO  com.mmall.common.HttpInterceptor - request start. url:/sys/dept/tree.json, params:{}
2018-06-14 22:34:56.302 [http-bio-8080-exec-3] INFO  com.mmall.common.HttpInterceptor - request completed. url:/sys/dept/tree.json, cost:11
2018-06-14 22:34:58.541 [http-bio-8080-exec-3] INFO  com.mmall.common.HttpInterceptor - request start. url:/sys/log/log.page, params:{}
2018-06-14 22:34:58.547 [http-bio-8080-exec-3] INFO  com.mmall.common.HttpInterceptor - request completed. url:/sys/log/log.page, cost:5
2018-06-14 22:34:58.807 [http-bio-8080-exec-3] INFO  com.mmall.common.HttpInterceptor - request start. url:/sys/log/page.json, params:{"pageNo":["1"],"pageSize":["10"],"beforeSeg":[""],"afterSeg":[""],"operator":[""],"fromTime":[""],"toTime":[""],"type":[""]}
2018-06-14 22:34:58.826 [http-bio-8080-exec-3] INFO  com.mmall.common.HttpInterceptor - request completed. url:/sys/log/page.json, cost:19
2018-06-14 22:36:56.449 [localhost-startStop-1] INFO  com.alibaba.druid.pool.DruidDataSource - {dataSource-1} inited
2018-06-14 22:37:09.728 [http-bio-8080-exec-1] INFO  org.hibernate.validator.internal.util.Version - HV000001: Hibernate Validator 5.3.5.Final
2018-06-14 22:37:23.371 [http-bio-8080-exec-8] INFO  com.mmall.common.HttpInterceptor - request start. url:/login.page, params:{"ret":[""],"username":["admin@qq.com"],"password":["123"]}
2018-06-14 22:37:24.205 [http-bio-8080-exec-8] ERROR com.mmall.common.SpringExceptionResolver - unknown page exception, url:http://localhost:8080/login.page
java.lang.IllegalStateException: Cannot forward after response has been committed
	at org.apache.catalina.core.ApplicationDispatcher.doForward(ApplicationDispatcher.java:349)
	at org.apache.catalina.core.ApplicationDispatcher.forward(ApplicationDispatcher.java:339)
	at com.mmall.controller.UserController.login(UserController.java:67)
	at sun.reflect.NativeMethodAccessorImpl.invoke0(Native Method)
	at sun.reflect.NativeMethodAccessorImpl.invoke(NativeMethodAccessorImpl.java:62)
	at sun.reflect.DelegatingMethodAccessorImpl.invoke(DelegatingMethodAccessorImpl.java:43)
	at java.lang.reflect.Method.invoke(Method.java:498)
	at org.springframework.web.method.support.InvocableHandlerMethod.doInvoke(InvocableHandlerMethod.java:205)
	at org.springframework.web.method.support.InvocableHandlerMethod.invokeForRequest(InvocableHandlerMethod.java:133)
	at org.springframework.web.servlet.mvc.method.annotation.ServletInvocableHandlerMethod.invokeAndHandle(ServletInvocableHandlerMethod.java:97)
	at org.springframework.web.servlet.mvc.method.annotation.RequestMappingHandlerAdapter.invokeHandlerMethod(RequestMappingHandlerAdapter.java:827)
	at org.springframework.web.servlet.mvc.method.annotation.RequestMappingHandlerAdapter.handleInternal(RequestMappingHandlerAdapter.java:738)
	at org.springframework.web.servlet.mvc.method.AbstractHandlerMethodAdapter.handle(AbstractHandlerMethodAdapter.java:85)
	at org.springframework.web.servlet.DispatcherServlet.doDispatch(DispatcherServlet.java:967)
	at org.springframework.web.servlet.DispatcherServlet.doService(DispatcherServlet.java:901)
	at org.springframework.web.servlet.FrameworkServlet.processRequest(FrameworkServlet.java:970)
	at org.springframework.web.servlet.FrameworkServlet.doPost(FrameworkServlet.java:872)
	at javax.servlet.http.HttpServlet.service(HttpServlet.java:647)
	at org.springframework.web.servlet.FrameworkServlet.service(FrameworkServlet.java:846)
	at javax.servlet.http.HttpServlet.service(HttpServlet.java:728)
	at org.apache.catalina.core.ApplicationFilterChain.internalDoFilter(ApplicationFilterChain.java:305)
	at org.apache.catalina.core.ApplicationFilterChain.doFilter(ApplicationFilterChain.java:210)
	at org.apache.tomcat.websocket.server.WsFilter.doFilter(WsFilter.java:51)
	at org.apache.catalina.core.ApplicationFilterChain.internalDoFilter(ApplicationFilterChain.java:243)
	at org.apache.catalina.core.ApplicationFilterChain.doFilter(ApplicationFilterChain.java:210)
	at com.alibaba.druid.support.http.WebStatFilter.doFilter(WebStatFilter.java:123)
	at org.apache.catalina.core.ApplicationFilterChain.internalDoFilter(ApplicationFilterChain.java:243)
	at org.apache.catalina.core.ApplicationFilterChain.doFilter(ApplicationFilterChain.java:210)
	at org.springframework.web.filter.CharacterEncodingFilter.doFilterInternal(CharacterEncodingFilter.java:197)
	at org.springframework.web.filter.OncePerRequestFilter.doFilter(OncePerRequestFilter.java:107)
	at org.apache.catalina.core.ApplicationFilterChain.internalDoFilter(ApplicationFilterChain.java:243)
	at org.apache.catalina.core.ApplicationFilterChain.doFilter(ApplicationFilterChain.java:210)
	at org.apache.catalina.core.StandardWrapperValve.invoke(StandardWrapperValve.java:222)
	at org.apache.catalina.core.StandardContextValve.invoke(StandardContextValve.java:123)
	at org.apache.catalina.authenticator.AuthenticatorBase.invoke(AuthenticatorBase.java:502)
	at org.apache.catalina.core.StandardHostValve.invoke(StandardHostValve.java:171)
	at org.apache.catalina.valves.ErrorReportValve.invoke(ErrorReportValve.java:100)
	at org.apache.catalina.valves.AccessLogValve.invoke(AccessLogValve.java:953)
	at org.apache.catalina.core.StandardEngineValve.invoke(StandardEngineValve.java:118)
	at org.apache.catalina.connector.CoyoteAdapter.service(CoyoteAdapter.java:408)
	at org.apache.coyote.http11.AbstractHttp11Processor.process(AbstractHttp11Processor.java:1041)
	at org.apache.coyote.AbstractProtocol$AbstractConnectionHandler.process(AbstractProtocol.java:603)
	at org.apache.tomcat.util.net.JIoEndpoint$SocketProcessor.run(JIoEndpoint.java:312)
	at java.util.concurrent.ThreadPoolExecutor.runWorker(ThreadPoolExecutor.java:1142)
	at java.util.concurrent.ThreadPoolExecutor$Worker.run(ThreadPoolExecutor.java:617)
	at java.lang.Thread.run(Thread.java:745)
2018-06-14 22:37:24.262 [http-bio-8080-exec-8] INFO  com.mmall.common.HttpInterceptor - request completed. url:/login.page, cost:891
2018-06-14 22:37:24.296 [http-bio-8080-exec-9] INFO  com.mmall.common.HttpInterceptor - request start. url:/admin/index.page, params:{}
2018-06-14 22:37:24.320 [http-bio-8080-exec-9] INFO  com.mmall.common.HttpInterceptor - request completed. url:/admin/index.page, cost:24
2018-06-14 22:37:24.640 [http-bio-8080-exec-10] INFO  com.mmall.common.HttpInterceptor - request start. url:/sys/dept/dept.page, params:{}
2018-06-14 22:37:24.675 [http-bio-8080-exec-10] INFO  com.mmall.common.HttpInterceptor - request completed. url:/sys/dept/dept.page, cost:35
2018-06-14 22:37:25.050 [http-bio-8080-exec-10] INFO  com.mmall.common.HttpInterceptor - request start. url:/sys/dept/tree.json, params:{}
2018-06-14 22:37:25.441 [http-bio-8080-exec-10] INFO  com.mmall.common.HttpInterceptor - request completed. url:/sys/dept/tree.json, cost:391
2018-06-14 22:38:49.293 [http-bio-8080-exec-6] INFO  com.mmall.common.HttpInterceptor - request start. url:/sys/log/log.page, params:{}
2018-06-14 22:38:49.322 [http-bio-8080-exec-6] INFO  com.mmall.common.HttpInterceptor - request completed. url:/sys/log/log.page, cost:28
2018-06-14 22:38:49.588 [http-bio-8080-exec-6] INFO  com.mmall.common.HttpInterceptor - request start. url:/sys/log/page.json, params:{"pageNo":["1"],"pageSize":["10"],"beforeSeg":[""],"afterSeg":[""],"operator":[""],"fromTime":[""],"toTime":[""],"type":[""]}
2018-06-14 22:39:14.798 [http-bio-8080-exec-6] INFO  com.mmall.common.HttpInterceptor - request completed. url:/sys/log/page.json, cost:25210
2018-06-14 22:40:02.516 [http-bio-8080-exec-6] INFO  com.mmall.common.HttpInterceptor - request start. url:/sys/log/page.json, params:{"pageNo":["1"],"pageSize":["10"],"beforeSeg":[""],"afterSeg":[""],"operator":[""],"fromTime":[""],"toTime":[""],"type":["2"]}
2018-06-14 22:40:02.537 [http-bio-8080-exec-6] INFO  com.mmall.common.HttpInterceptor - request completed. url:/sys/log/page.json, cost:20
2018-06-14 22:40:46.329 [http-bio-8080-exec-6] INFO  com.mmall.common.HttpInterceptor - request start. url:/sys/log/page.json, params:{"pageNo":["1"],"pageSize":["10"],"beforeSeg":[""],"afterSeg":[""],"operator":[""],"fromTime":[""],"toTime":[""],"type":["1"]}
2018-06-14 22:40:46.351 [http-bio-8080-exec-6] INFO  com.mmall.common.HttpInterceptor - request completed. url:/sys/log/page.json, cost:21
2018-06-14 22:41:03.026 [http-bio-8080-exec-6] INFO  com.mmall.common.HttpInterceptor - request start. url:/sys/log/page.json, params:{"pageNo":["1"],"pageSize":["10"],"beforeSeg":[""],"afterSeg":[""],"operator":[""],"fromTime":[""],"toTime":[""],"type":[""]}
2018-06-14 22:41:03.048 [http-bio-8080-exec-6] INFO  com.mmall.common.HttpInterceptor - request completed. url:/sys/log/page.json, cost:21
2018-06-14 22:58:48.568 [localhost-startStop-1] INFO  com.alibaba.druid.pool.DruidDataSource - {dataSource-1} inited
2018-06-14 23:00:40.821 [http-bio-8080-exec-1] INFO  org.hibernate.validator.internal.util.Version - HV000001: Hibernate Validator 5.3.5.Final
2018-06-14 23:01:11.911 [http-bio-8080-exec-5] INFO  com.mmall.common.HttpInterceptor - request start. url:/login.page, params:{"ret":[""],"username":["admin@qq.com"],"password":["123"]}
2018-06-14 23:01:12.355 [http-bio-8080-exec-5] ERROR com.mmall.common.SpringExceptionResolver - unknown page exception, url:http://localhost:8080/login.page
java.lang.IllegalStateException: Cannot forward after response has been committed
	at org.apache.catalina.core.ApplicationDispatcher.doForward(ApplicationDispatcher.java:349)
	at org.apache.catalina.core.ApplicationDispatcher.forward(ApplicationDispatcher.java:339)
	at com.mmall.controller.UserController.login(UserController.java:67)
	at sun.reflect.NativeMethodAccessorImpl.invoke0(Native Method)
	at sun.reflect.NativeMethodAccessorImpl.invoke(NativeMethodAccessorImpl.java:62)
	at sun.reflect.DelegatingMethodAccessorImpl.invoke(DelegatingMethodAccessorImpl.java:43)
	at java.lang.reflect.Method.invoke(Method.java:498)
	at org.springframework.web.method.support.InvocableHandlerMethod.doInvoke(InvocableHandlerMethod.java:205)
	at org.springframework.web.method.support.InvocableHandlerMethod.invokeForRequest(InvocableHandlerMethod.java:133)
	at org.springframework.web.servlet.mvc.method.annotation.ServletInvocableHandlerMethod.invokeAndHandle(ServletInvocableHandlerMethod.java:97)
	at org.springframework.web.servlet.mvc.method.annotation.RequestMappingHandlerAdapter.invokeHandlerMethod(RequestMappingHandlerAdapter.java:827)
	at org.springframework.web.servlet.mvc.method.annotation.RequestMappingHandlerAdapter.handleInternal(RequestMappingHandlerAdapter.java:738)
	at org.springframework.web.servlet.mvc.method.AbstractHandlerMethodAdapter.handle(AbstractHandlerMethodAdapter.java:85)
	at org.springframework.web.servlet.DispatcherServlet.doDispatch(DispatcherServlet.java:967)
	at org.springframework.web.servlet.DispatcherServlet.doService(DispatcherServlet.java:901)
	at org.springframework.web.servlet.FrameworkServlet.processRequest(FrameworkServlet.java:970)
	at org.springframework.web.servlet.FrameworkServlet.doPost(FrameworkServlet.java:872)
	at javax.servlet.http.HttpServlet.service(HttpServlet.java:647)
	at org.springframework.web.servlet.FrameworkServlet.service(FrameworkServlet.java:846)
	at javax.servlet.http.HttpServlet.service(HttpServlet.java:728)
	at org.apache.catalina.core.ApplicationFilterChain.internalDoFilter(ApplicationFilterChain.java:305)
	at org.apache.catalina.core.ApplicationFilterChain.doFilter(ApplicationFilterChain.java:210)
	at org.apache.tomcat.websocket.server.WsFilter.doFilter(WsFilter.java:51)
	at org.apache.catalina.core.ApplicationFilterChain.internalDoFilter(ApplicationFilterChain.java:243)
	at org.apache.catalina.core.ApplicationFilterChain.doFilter(ApplicationFilterChain.java:210)
	at com.alibaba.druid.support.http.WebStatFilter.doFilter(WebStatFilter.java:123)
	at org.apache.catalina.core.ApplicationFilterChain.internalDoFilter(ApplicationFilterChain.java:243)
	at org.apache.catalina.core.ApplicationFilterChain.doFilter(ApplicationFilterChain.java:210)
	at org.springframework.web.filter.CharacterEncodingFilter.doFilterInternal(CharacterEncodingFilter.java:197)
	at org.springframework.web.filter.OncePerRequestFilter.doFilter(OncePerRequestFilter.java:107)
	at org.apache.catalina.core.ApplicationFilterChain.internalDoFilter(ApplicationFilterChain.java:243)
	at org.apache.catalina.core.ApplicationFilterChain.doFilter(ApplicationFilterChain.java:210)
	at org.apache.catalina.core.StandardWrapperValve.invoke(StandardWrapperValve.java:222)
	at org.apache.catalina.core.StandardContextValve.invoke(StandardContextValve.java:123)
	at org.apache.catalina.authenticator.AuthenticatorBase.invoke(AuthenticatorBase.java:502)
	at org.apache.catalina.core.StandardHostValve.invoke(StandardHostValve.java:171)
	at org.apache.catalina.valves.ErrorReportValve.invoke(ErrorReportValve.java:100)
	at org.apache.catalina.valves.AccessLogValve.invoke(AccessLogValve.java:953)
	at org.apache.catalina.core.StandardEngineValve.invoke(StandardEngineValve.java:118)
	at org.apache.catalina.connector.CoyoteAdapter.service(CoyoteAdapter.java:408)
	at org.apache.coyote.http11.AbstractHttp11Processor.process(AbstractHttp11Processor.java:1041)
	at org.apache.coyote.AbstractProtocol$AbstractConnectionHandler.process(AbstractProtocol.java:603)
	at org.apache.tomcat.util.net.JIoEndpoint$SocketProcessor.run(JIoEndpoint.java:312)
	at java.util.concurrent.ThreadPoolExecutor.runWorker(ThreadPoolExecutor.java:1142)
	at java.util.concurrent.ThreadPoolExecutor$Worker.run(ThreadPoolExecutor.java:617)
	at java.lang.Thread.run(Thread.java:745)
2018-06-14 23:01:12.396 [http-bio-8080-exec-5] INFO  com.mmall.common.HttpInterceptor - request completed. url:/login.page, cost:485
2018-06-14 23:01:12.408 [http-bio-8080-exec-5] INFO  com.mmall.common.HttpInterceptor - request start. url:/admin/index.page, params:{}
2018-06-14 23:01:12.422 [http-bio-8080-exec-5] INFO  com.mmall.common.HttpInterceptor - request completed. url:/admin/index.page, cost:12
2018-06-14 23:01:12.754 [http-bio-8080-exec-5] INFO  com.mmall.common.HttpInterceptor - request start. url:/sys/dept/dept.page, params:{}
2018-06-14 23:01:12.776 [http-bio-8080-exec-5] INFO  com.mmall.common.HttpInterceptor - request completed. url:/sys/dept/dept.page, cost:21
2018-06-14 23:01:13.214 [http-bio-8080-exec-5] INFO  com.mmall.common.HttpInterceptor - request start. url:/sys/dept/tree.json, params:{}
2018-06-14 23:01:13.463 [http-bio-8080-exec-5] INFO  com.mmall.common.HttpInterceptor - request completed. url:/sys/dept/tree.json, cost:248
2018-06-14 23:01:17.621 [http-bio-8080-exec-5] INFO  com.mmall.common.HttpInterceptor - request start. url:/sys/user/page.json, params:{"deptId":["11"],"pageSize":["10"],"pageNo":["1"]}
2018-06-14 23:01:17.835 [http-bio-8080-exec-5] INFO  com.mmall.common.HttpInterceptor - request completed. url:/sys/user/page.json, cost:214
2018-06-14 23:01:18.721 [http-bio-8080-exec-5] INFO  com.mmall.common.HttpInterceptor - request start. url:/sys/user/page.json, params:{"deptId":["12"],"pageSize":["10"],"pageNo":["1"]}
2018-06-14 23:01:18.731 [http-bio-8080-exec-5] INFO  com.mmall.common.HttpInterceptor - request completed. url:/sys/user/page.json, cost:9
2018-06-14 23:01:19.725 [http-bio-8080-exec-5] INFO  com.mmall.common.HttpInterceptor - request start. url:/sys/user/page.json, params:{"deptId":["14"],"pageSize":["10"],"pageNo":["1"]}
2018-06-14 23:01:19.758 [http-bio-8080-exec-5] INFO  com.mmall.common.HttpInterceptor - request completed. url:/sys/user/page.json, cost:32
2018-06-14 23:01:45.705 [http-bio-8080-exec-5] INFO  com.mmall.common.HttpInterceptor - request start. url:/sys/user/update.json, params:{"deptId":["14"],"id":["8"],"username":["郭二狗"],"mail":["936410744@qq.com"],"telephone":["85959599"],"status":["1"],"remark":["测试小郭"]}
2018-06-14 23:01:45.980 [http-bio-8080-exec-5] INFO  com.mmall.common.HttpInterceptor - request completed. url:/sys/user/update.json, cost:275
2018-06-14 23:01:45.992 [http-bio-8080-exec-5] INFO  com.mmall.common.HttpInterceptor - request start. url:/sys/dept/tree.json, params:{}
2018-06-14 23:01:46.004 [http-bio-8080-exec-5] INFO  com.mmall.common.HttpInterceptor - request completed. url:/sys/dept/tree.json, cost:11
2018-06-14 23:01:46.008 [http-bio-8080-exec-5] INFO  com.mmall.common.HttpInterceptor - request start. url:/sys/user/page.json, params:{"deptId":["14"],"pageSize":["10"],"pageNo":["1"]}
2018-06-14 23:01:46.026 [http-bio-8080-exec-5] INFO  com.mmall.common.HttpInterceptor - request completed. url:/sys/user/page.json, cost:18
2018-06-14 23:01:49.290 [http-bio-8080-exec-5] INFO  com.mmall.common.HttpInterceptor - request start. url:/sys/log/log.page, params:{}
2018-06-14 23:01:49.305 [http-bio-8080-exec-5] INFO  com.mmall.common.HttpInterceptor - request completed. url:/sys/log/log.page, cost:13
2018-06-14 23:01:49.569 [http-bio-8080-exec-5] INFO  com.mmall.common.HttpInterceptor - request start. url:/sys/log/page.json, params:{"pageNo":["1"],"pageSize":["10"],"beforeSeg":[""],"afterSeg":[""],"operator":[""],"fromTime":[""],"toTime":[""],"type":[""]}
2018-06-14 23:01:49.626 [http-bio-8080-exec-5] INFO  com.mmall.common.HttpInterceptor - request completed. url:/sys/log/page.json, cost:56
2018-06-14 23:01:53.521 [http-bio-8080-exec-5] INFO  com.mmall.common.HttpInterceptor - request start. url:/sys/log/recover.json, params:{"id":["3"]}
2018-06-14 23:01:53.694 [http-bio-8080-exec-5] INFO  com.mmall.common.HttpInterceptor - request completed. url:/sys/log/recover.json, cost:172
2018-06-14 23:01:53.718 [http-bio-8080-exec-5] INFO  com.mmall.common.HttpInterceptor - request start. url:/sys/log/page.json, params:{"pageNo":["1"],"pageSize":["10"],"beforeSeg":[""],"afterSeg":[""],"operator":[""],"fromTime":[""],"toTime":[""],"type":[""]}
2018-06-14 23:01:53.735 [http-bio-8080-exec-5] INFO  com.mmall.common.HttpInterceptor - request completed. url:/sys/log/page.json, cost:17
2018-06-14 23:02:00.659 [http-bio-8080-exec-5] INFO  com.mmall.common.HttpInterceptor - request start. url:/sys/dept/dept.page, params:{}
2018-06-14 23:02:00.664 [http-bio-8080-exec-5] INFO  com.mmall.common.HttpInterceptor - request completed. url:/sys/dept/dept.page, cost:5
2018-06-14 23:02:00.906 [http-bio-8080-exec-5] INFO  com.mmall.common.HttpInterceptor - request start. url:/sys/dept/tree.json, params:{}
2018-06-14 23:02:00.915 [http-bio-8080-exec-5] INFO  com.mmall.common.HttpInterceptor - request completed. url:/sys/dept/tree.json, cost:8
2018-06-14 23:02:02.211 [http-bio-8080-exec-5] INFO  com.mmall.common.HttpInterceptor - request start. url:/sys/user/page.json, params:{"deptId":["14"],"pageSize":["10"],"pageNo":["1"]}
2018-06-14 23:02:02.229 [http-bio-8080-exec-5] INFO  com.mmall.common.HttpInterceptor - request completed. url:/sys/user/page.json, cost:18
